4.9577 	ERROR 	Support for the `sounddevice` audio backend is not available this session. Please install `psychopy-sounddevice` and restart the session to enable support.
11.1065 	WARNING 	User requested fullscreen with size [1536  864], but screen is actually [1920, 1080]. Using actual size
12.7536 	EXP 	Created window1 = Window(allowGUI=True, allowStencil=False, autoLog=True, backendConf=UNKNOWN, backgroundFit=<method-wrapper '__getattribute__' of attributeSetter object at 0x000001887E94ED90>, backgroundImage=<method-wrapper '__getattribute__' of attributeSetter object at 0x000001887E94ED30>, bitsMode=UNKNOWN, blendMode='avg', bpc=(8, 8, 8), color=array([1, 1, 1]), colorSpace='rgb', depthBits=8, fullscr=<method-wrapper '__getattribute__' of attributeSetter object at 0x000001887E94EA30>, gamma=None, gammaErrorPolicy='raise', lms=UNKNOWN, monitor=<psychopy.monitors.calibTools.Monitor object at 0x00000188024575E0>, multiSample=False, name='window1', numSamples=2, pos=(0, 0), screen=0, size=array([1920, 1080]), stencilBits=0, stereo=False, units='height', useFBO=True, useRetina=False, viewOri=0.0, viewPos=None, viewScale=None, waitBlanking=True, winType='pyglet')
12.7537 	EXP 	window1: mouseVisible = True
12.7537 	EXP 	window1: backgroundImage = ''
12.7538 	EXP 	window1: backgroundFit = 'none'
12.7538 	EXP 	window1: mouseVisible = False
12.7538 	EXP 	window1: Attempting to measure frame rate of screen (0) ...
12.7539 	EXP 	window1: recordFrameIntervals = False
12.9199 	EXP 	window1: recordFrameIntervals = True
13.1030 	EXP 	Screen (0) actual frame rate measured at 60.18Hz
13.1031 	EXP 	window1: recordFrameIntervals = False
16.8132 	EXP 	Created instruct_text = TextStim(__class__=<class 'psychopy.visual.text.TextStim'>, alignHoriz=method-wrapper(...), alignText='center', alignVert=method-wrapper(...), anchorHoriz='center', anchorVert='center', antialias=True, autoDraw=False, autoLog=True, bold=False, color=array([-1., -1., -1.]), colorSpace='rgb', contrast=1.0, depth=0.0, flipHoriz=False, flipVert=False, font='B Nazanin', fontFiles=[], height=0.05, italic=False, languageStyle='Arabic', name='instruct_text', opacity=1.0, ori=0.0, pos=array([0., 0.]), rgb=UNKNOWN, text=str(...), units='height', win=Window(...), wrapWidth=1)
16.9686 	EXP 	Created ISI_text = TextStim(__class__=<class 'psychopy.visual.text.TextStim'>, alignHoriz=method-wrapper(...), alignText='center', alignVert=method-wrapper(...), anchorHoriz='center', anchorVert='center', antialias=True, autoDraw=False, autoLog=True, bold=False, color=array([1., 1., 1.]), colorSpace='rgb', contrast=1.0, depth=-1.0, flipHoriz=False, flipVert=False, font='Open Sans', fontFiles=[], height=0.05, italic=False, languageStyle='LTR', name='ISI_text', opacity=1.0, ori=0.0, pos=array([0., 0.]), rgb=UNKNOWN, text='', units='height', win=Window(...), wrapWidth=1)
16.9712 	EXP 	Created target_text = TextStim(__class__=<class 'psychopy.visual.text.TextStim'>, alignHoriz=method-wrapper(...), alignText='center', alignVert=method-wrapper(...), anchorHoriz='center', anchorVert='center', antialias=True, autoDraw=False, autoLog=True, bold=False, color=array([-1., -1., -1.]), colorSpace='rgb', contrast=1.0, depth=-2.0, flipHoriz=False, flipVert=False, font='B Nazanin', fontFiles=[], height=0.05, italic=False, languageStyle='Arabic', name='target_text', opacity=1.0, ori=0.0, pos=array([0., 0.]), rgb=UNKNOWN, text='', units='height', win=Window(...), wrapWidth=1)
16.9736 	EXP 	Created Feedback_text = TextStim(__class__=<class 'psychopy.visual.text.TextStim'>, alignHoriz=method-wrapper(...), alignText='center', alignVert=method-wrapper(...), anchorHoriz='center', anchorVert='center', antialias=True, autoDraw=False, autoLog=True, bold=False, color=array([-1., -1., -1.]), colorSpace='rgb', contrast=1.0, depth=0.0, flipHoriz=False, flipVert=False, font='B Nazanin', fontFiles=[], height=0.05, italic=False, languageStyle='Arabic', name='Feedback_text', opacity=1.0, ori=0.0, pos=array([0., 0.]), rgb=UNKNOWN, text='', units='height', win=Window(...), wrapWidth=1)
17.0028 	EXP 	Created goodbye_text = TextStim(__class__=<class 'psychopy.visual.text.TextStim'>, alignHoriz=method-wrapper(...), alignText='center', alignVert=method-wrapper(...), anchorHoriz='center', anchorVert='center', antialias=True, autoDraw=False, autoLog=True, bold=False, color=array([-1., -1., -1.]), colorSpace='rgb', contrast=1.0, depth=-1.0, flipHoriz=False, flipVert=False, font='B Nazanin', fontFiles=[], height=0.05, italic=False, languageStyle='Arabic', name='goodbye_text', opacity=1.0, ori=0.0, pos=array([0., 0.]), rgb=UNKNOWN, text=str(...), units='height', win=Window(...), wrapWidth=1)
17.0161 	EXP 	instruct_text: autoDraw = True
18.3848 	EXP 	Created sequence: random, trialTypes=1, nReps=120, seed=None
18.3856 	EXP 	New trial (rep=0, index=0): None
18.3889 	DATA 	Keypress: space
18.3986 	EXP 	instruct_text: autoDraw = False
18.3986 	EXP 	ISI_text: autoDraw = True
21.7991 	EXP 	ISI_text: autoDraw = False
21.7991 	EXP 	ISI_text: autoDraw = False
21.7991 	EXP 	target_text: autoDraw = True
22.1439 	DATA 	Keypress: space
22.1784 	EXP 	target_text: autoDraw = False
22.1784 	EXP 	Feedback_text: height = 0.05
22.1784 	EXP 	Feedback_text: height = 0.05
22.1784 	EXP 	Feedback_text: height = 0.05
22.1784 	EXP 	Feedback_text: text = '337'
22.1784 	EXP 	Feedback_text: autoDraw = True
22.6634 	EXP 	New trial (rep=1, index=0): None
22.6779 	EXP 	Feedback_text: autoDraw = False
22.6779 	EXP 	Feedback_text: autoDraw = False
22.6779 	EXP 	ISI_text: autoDraw = True
23.1975 	DATA 	Keypress: escape
23.9346 	EXP 	window1: mouseVisible = True
